{
  "stats": {
    "suites": 1,
    "tests": 2,
    "passes": 1,
    "pending": 0,
    "failures": 1,
    "start": "2023-07-20T09:53:41.269Z",
    "end": "2023-07-20T09:53:49.619Z",
    "duration": 8350,
    "testsRegistered": 2,
    "passPercent": 50,
    "pendingPercent": 0,
    "other": 0,
    "hasOther": false,
    "skipped": 0,
    "hasSkipped": false
  },
  "results": [
    {
      "uuid": "e82aae84-4899-4b85-9404-8d1dde2f7ea3",
      "title": "",
      "fullFile": "cypress\\e2e\\mavro.cy.js",
      "file": "cypress\\e2e\\mavro.cy.js",
      "beforeHooks": [],
      "afterHooks": [],
      "tests": [],
      "suites": [
        {
          "uuid": "0841c41c-5b2e-4f57-a7b1-bf312adcea36",
          "title": "template spec",
          "fullFile": "",
          "file": "",
          "beforeHooks": [],
          "afterHooks": [],
          "tests": [
            {
              "title": "passes",
              "fullTitle": "template spec passes",
              "timedOut": null,
              "duration": 504,
              "state": "passed",
              "speed": "fast",
              "pass": true,
              "fail": false,
              "pending": false,
              "context": "{\n  \"title\": \"cypress-mochawesome-reporter-videos-passed\",\n  \"value\": \"cypress\\\\e2e\\\\mavro.cy.js\"\n}",
              "code": "cy.visit('https://cms.codingtown.com');",
              "err": {},
              "uuid": "a7583067-1882-4228-8cb4-9056579b7d55",
              "parentUUID": "0841c41c-5b2e-4f57-a7b1-bf312adcea36",
              "isHook": false,
              "skipped": false
            },
            {
              "title": "test",
              "fullTitle": "template spec test",
              "timedOut": null,
              "duration": 5756,
              "state": "failed",
              "speed": null,
              "pass": false,
              "fail": true,
              "pending": false,
              "context": "[\n  {\n    \"title\": \"cypress-mochawesome-reporter-videos-failed\",\n    \"value\": \"cypress\\\\e2e\\\\mavro.cy.js\"\n  },\n  {\n    \"title\": \"cypress-mochawesome-reporter-screenshots\",\n    \"value\": [\n      [\n        \"\\\\mavro.cy.js\\\\template spec -- test (failed).png\"\n      ]\n    ]\n  }\n]",
              "code": "/* ==== Generated with Cypress Studio ==== */\ncy.visit('https://cms.codingtown.com');\ncy.get('.btn').click();\ncy.get('#email').clear('togouser1@yopmail.com');\ncy.get('#email').type('togouser1@yopmail.com');\ncy.get('#password').clear('T');\ncy.get('#password').type('Test@123{enter}');\ncy.get(':nth-child(1) > .ng-tns-c103-0 > .btn').click({\n  force: true\n});\ncy.get('.icon').click();\ncy.get(':nth-child(2) > .text-right > .btn').click();\ncy.get('main[_ngcontent-fsn-c27=\"\"]').click();\ncy.get('label > .text-left').click();\ncy.get('#control_\\\\$0').check();\ncy.get('.container > .row > .text-right > .btn').click();\ncy.get('.is-highlighted').click();\ncy.get('div.col-md-6 > .form-control').click();\ncy.get('.card-body > app-loading-button > .btn > .ng-star-inserted > .btn-text').click();\ncy.get('.modal-body').click();\ncy.get('#acceptTerms').check();\ncy.get('.btn-dark').click();\n/* ==== End Cypress Studio ==== */",
              "err": {
                "message": "AssertionError: Timed out retrying after 4000ms: Expected to find element: `.icon`, but never found it.",
                "estack": "AssertionError: Timed out retrying after 4000ms: Expected to find element: `.icon`, but never found it.\n    at Context.eval (webpack:///./cypress/e2e/mavro.cy.js:17:7)",
                "diff": null
              },
              "uuid": "fe99d90f-98d9-47b4-87ce-23112ed823cb",
              "parentUUID": "0841c41c-5b2e-4f57-a7b1-bf312adcea36",
              "isHook": false,
              "skipped": false
            }
          ],
          "suites": [],
          "passes": [
            "a7583067-1882-4228-8cb4-9056579b7d55"
          ],
          "failures": [
            "fe99d90f-98d9-47b4-87ce-23112ed823cb"
          ],
          "pending": [],
          "skipped": [],
          "duration": 6260,
          "root": false,
          "rootEmpty": false,
          "_timeout": 2000
        }
      ],
      "passes": [],
      "failures": [],
      "pending": [],
      "skipped": [],
      "duration": 0,
      "root": true,
      "rootEmpty": true,
      "_timeout": 2000
    }
  ],
  "meta": {
    "mocha": {
      "version": "7.0.1"
    },
    "mochawesome": {
      "options": {
        "quiet": false,
        "reportFilename": "mochawesome",
        "saveHtml": false,
        "saveJson": true,
        "consoleReporter": "spec",
        "useInlineDiffs": false,
        "code": true
      },
      "version": "7.1.3"
    },
    "marge": {
      "options": {
        "overwrite": false,
        "html": false,
        "json": true,
        "reportDir": "cypress\\reports\\html\\.jsons"
      },
      "version": "6.2.0"
    }
  }
}