{
  "stats": {
    "suites": 1,
    "tests": 1,
    "passes": 0,
    "pending": 0,
    "failures": 1,
    "start": "2023-07-20T09:52:31.902Z",
    "end": "2023-07-20T09:53:00.084Z",
    "duration": 28182,
    "testsRegistered": 1,
    "passPercent": 0,
    "pendingPercent": 0,
    "other": 0,
    "hasOther": false,
    "skipped": 0,
    "hasSkipped": false
  },
  "results": [
    {
      "uuid": "44dc0723-a4de-488c-861d-309e35a21e1d",
      "title": "",
      "fullFile": "cypress\\e2e\\1.cy.js",
      "file": "cypress\\e2e\\1.cy.js",
      "beforeHooks": [],
      "afterHooks": [],
      "tests": [],
      "suites": [
        {
          "uuid": "0bdca19b-4140-41f2-b6b8-a38acadbef69",
          "title": "template spec",
          "fullFile": "",
          "file": "",
          "beforeHooks": [],
          "afterHooks": [],
          "tests": [
            {
              "title": "test",
              "fullTitle": "template spec test",
              "timedOut": null,
              "duration": 26300,
              "state": "failed",
              "speed": null,
              "pass": false,
              "fail": true,
              "pending": false,
              "context": "[\n  {\n    \"title\": \"cypress-mochawesome-reporter-videos-failed\",\n    \"value\": \"cypress\\\\e2e\\\\1.cy.js\"\n  },\n  {\n    \"title\": \"cypress-mochawesome-reporter-screenshots\",\n    \"value\": [\n      [\n        \"\\\\1.cy.js\\\\template spec -- test (failed).png\"\n      ]\n    ]\n  }\n]",
              "code": "cy.visit('https://vendor.test.codingtown.com');\ncy.wait(2000);\n//Login\ncy.get('#username').type('demo.test@yopmail.com');\ncy.get('#password').type('Tester@123');\ncy.wait(2000);\ncy.get('.btn').click({\n  force: true\n});\n//selecting the po\ncy.get('#ag-75-input').check();\ncy.get('.ag-body-viewport input.ag-checkbox-input');\n//Confirming the po\ncy.get('.d-sm-inline').click({\n  force: true\n});\ncy.get('#confirmQty').clear().type('1');\ncy.get('.ng-input').click();\ncy.get(\".ng-dropdown-panel-items .ng-option:nth-child(2)\").click();\ncy.get('.d-sm-inline').click({\n  force: true\n});\n//Navigating to confirmed po tab\ncy.get('.mt-3 > .nav > :nth-child(2) > .nav-link').click();\ncy.get('.input-group > .form-control').clear('2');\ncy.get('.input-group > .form-control').type('2239');\ncy.wait(5000);\n//Selecting the Confirmed Po\ncy.get('.ag-cell-wrapper').click({\n  force: true\n});\ncy.get('.d-sm-inline').click();\ncy.get('#ewayNo').type('1234');\ncy.get('#vendorRef').type('123');\ncy.get('#deliveryDate').type('2023-10-20'); // Selecting date \ncy.get('.ng-input').click({\n  force: true\n});\ncy.get('.ng-dropdown-panel-items .ng-option:nth-child(2)').click();\ncy.get('#vehicleNo').type('TN48CD1023');\ncy.get('#driverContact').type('9876543210');\ncy.get('#driver').type('Tester');\ncy.get('#buyer').type('Tester');\ncy.get('#shippingQty').type('1');\ncy.get('#vendorBatch').type('1');\ncy.get('#manufactureDate').type('2023-07-14');\ncy.get('#expiryDate').type('2023-12-20');\ncy.get('#expiryDate').click();\n//Confirm ASN Create\ncy.get('.d-sm-inline').click();\n//Returnable material pop-up\ncy.get('.btn-danger').click();\ncy.get(':nth-child(5) > .nav-item > .nav-link').click({\n  force: true\n});\n//Profile and Logout\ncy.get('.cursor-pointer').click();",
              "err": {
                "message": "CypressError: Timed out retrying after 4050ms: `cy.click()` failed because this element:\n\n`<a class=\"dropdown-item cursor-pointer\">...</a>`\n\nis being covered by another element:\n\n`<modal-container role=\"dialog\" tabindex=\"-1\" class=\"modal fade show\" style=\"display: block;\" aria-modal=\"true\">...</modal-container>`\n\nFix this problem, or use {force: true} to disable error checking.\n\nhttps://on.cypress.io/element-cannot-be-interacted-with",
                "estack": "CypressError: Timed out retrying after 4050ms: `cy.click()` failed because this element:\n\n`<a class=\"dropdown-item cursor-pointer\">...</a>`\n\nis being covered by another element:\n\n`<modal-container role=\"dialog\" tabindex=\"-1\" class=\"modal fade show\" style=\"display: block;\" aria-modal=\"true\">...</modal-container>`\n\nFix this problem, or use {force: true} to disable error checking.\n\nhttps://on.cypress.io/element-cannot-be-interacted-with\n    at ensureIsDescendent (https://vendor.test.codingtown.com/__cypress/runner/cypress_runner.js:139711:76)\n    at ensureDescendents (https://vendor.test.codingtown.com/__cypress/runner/cypress_runner.js:139762:5)\n    at ensureDescendentsAndScroll (https://vendor.test.codingtown.com/__cypress/runner/cypress_runner.js:139768:14)\n    at ensureElIsNotCovered (https://vendor.test.codingtown.com/__cypress/runner/cypress_runner.js:139899:5)\n    at runAllChecks (https://vendor.test.codingtown.com/__cypress/runner/cypress_runner.js:140079:52)\n    at retryActionability (https://vendor.test.codingtown.com/__cypress/runner/cypress_runner.js:140116:16)\n    at tryCatcher (https://vendor.test.codingtown.com/__cypress/runner/cypress_runner.js:18744:23)\n    at Promise.attempt.Promise.try (https://vendor.test.codingtown.com/__cypress/runner/cypress_runner.js:16018:29)\n    at whenStable (https://vendor.test.codingtown.com/__cypress/runner/cypress_runner.js:156400:65)\n    at <unknown> (https://vendor.test.codingtown.com/__cypress/runner/cypress_runner.js:155841:14)\n    at tryCatcher (https://vendor.test.codingtown.com/__cypress/runner/cypress_runner.js:18744:23)\n    at Promise._settlePromiseFromHandler (https://vendor.test.codingtown.com/__cypress/runner/cypress_runner.js:16679:31)\n    at Promise._settlePromise (https://vendor.test.codingtown.com/__cypress/runner/cypress_runner.js:16736:18)\n    at Promise._settlePromise0 (https://vendor.test.codingtown.com/__cypress/runner/cypress_runner.js:16781:10)\n    at Promise._settlePromises (https://vendor.test.codingtown.com/__cypress/runner/cypress_runner.js:16861:18)\n    at Promise._fulfill (https://vendor.test.codingtown.com/__cypress/runner/cypress_runner.js:16805:18)\n    at <unknown> (https://vendor.test.codingtown.com/__cypress/runner/cypress_runner.js:18419:46)\nFrom Your Spec Code:\n    at Context.eval (webpack:///./cypress/e2e/1.cy.js:47:30)",
                "diff": null
              },
              "uuid": "f0e68e3e-acc7-42f0-889c-5ee7509ac3ac",
              "parentUUID": "0bdca19b-4140-41f2-b6b8-a38acadbef69",
              "isHook": false,
              "skipped": false
            }
          ],
          "suites": [],
          "passes": [],
          "failures": [
            "f0e68e3e-acc7-42f0-889c-5ee7509ac3ac"
          ],
          "pending": [],
          "skipped": [],
          "duration": 26300,
          "root": false,
          "rootEmpty": false,
          "_timeout": 2000
        }
      ],
      "passes": [],
      "failures": [],
      "pending": [],
      "skipped": [],
      "duration": 0,
      "root": true,
      "rootEmpty": true,
      "_timeout": 2000
    }
  ],
  "meta": {
    "mocha": {
      "version": "7.0.1"
    },
    "mochawesome": {
      "options": {
        "quiet": false,
        "reportFilename": "mochawesome",
        "saveHtml": false,
        "saveJson": true,
        "consoleReporter": "spec",
        "useInlineDiffs": false,
        "code": true
      },
      "version": "7.1.3"
    },
    "marge": {
      "options": {
        "overwrite": false,
        "html": false,
        "json": true,
        "reportDir": "cypress\\reports\\html\\.jsons"
      },
      "version": "6.2.0"
    }
  }
}