{
  "stats": {
    "suites": 1,
    "tests": 1,
    "passes": 1,
    "pending": 0,
    "failures": 0,
    "start": "2023-07-20T09:53:10.134Z",
    "end": "2023-07-20T09:53:35.882Z",
    "duration": 25748,
    "testsRegistered": 1,
    "passPercent": 100,
    "pendingPercent": 0,
    "other": 0,
    "hasOther": false,
    "skipped": 0,
    "hasSkipped": false
  },
  "results": [
    {
      "uuid": "af86927b-fbed-48b8-9f15-f7b1b6d785ff",
      "title": "",
      "fullFile": "cypress\\e2e\\AVendor.cy.js",
      "file": "cypress\\e2e\\AVendor.cy.js",
      "beforeHooks": [],
      "afterHooks": [],
      "tests": [],
      "suites": [
        {
          "uuid": "20e4b587-82ff-4d86-9010-a4d98970db02",
          "title": "template spec",
          "fullFile": "",
          "file": "",
          "beforeHooks": [],
          "afterHooks": [],
          "tests": [
            {
              "title": "demo",
              "fullTitle": "template spec demo",
              "timedOut": null,
              "duration": 24458,
              "state": "passed",
              "speed": "slow",
              "pass": true,
              "fail": false,
              "pending": false,
              "context": "{\n  \"title\": \"cypress-mochawesome-reporter-videos-passed\",\n  \"value\": \"cypress\\\\e2e\\\\AVendor.cy.js\"\n}",
              "code": "/* ==== Generated with Cypress Studio ==== */\ncy.visit('https://vendor.test.codingtown.com');\ncy.get('#username').type('demo.test@yopmail.com');\ncy.wait(1000);\ncy.get('#password').type('Tester@123');\ncy.wait(1000);\ncy.get('.d-sm-inline').click();\ncy.wait(2000);\ncy.get('#ag-75-input').check();\ncy.wait(2000);\ncy.get('app-loading-button > .btn').click({\n  force: true\n});\ncy.wait(2000);\ncy.get('#confirmQty').clear('1');\ncy.wait(2000);\ncy.get('#confirmQty').type('1');\ncy.wait(2000);\ncy.get('.ng-input').click();\ncy.wait(2000);\ncy.get(\".ng-dropdown-panel-items .ng-option:nth-child(4)\").click();\ncy.get('.d-sm-inline').click();\ncy.wait(2000);\ncy.get(':nth-child(5) > .nav-item > .nav-link').click();\ncy.wait(2000);\ncy.get('.cursor-pointer').click();\n/* ==== End Cypress Studio ==== */",
              "err": {},
              "uuid": "ef7339c8-d2de-41dd-b11e-cf26d43a58f5",
              "parentUUID": "20e4b587-82ff-4d86-9010-a4d98970db02",
              "isHook": false,
              "skipped": false
            }
          ],
          "suites": [],
          "passes": [
            "ef7339c8-d2de-41dd-b11e-cf26d43a58f5"
          ],
          "failures": [],
          "pending": [],
          "skipped": [],
          "duration": 24458,
          "root": false,
          "rootEmpty": false,
          "_timeout": 2000
        }
      ],
      "passes": [],
      "failures": [],
      "pending": [],
      "skipped": [],
      "duration": 0,
      "root": true,
      "rootEmpty": true,
      "_timeout": 2000
    }
  ],
  "meta": {
    "mocha": {
      "version": "7.0.1"
    },
    "mochawesome": {
      "options": {
        "quiet": false,
        "reportFilename": "mochawesome",
        "saveHtml": false,
        "saveJson": true,
        "consoleReporter": "spec",
        "useInlineDiffs": false,
        "code": true
      },
      "version": "7.1.3"
    },
    "marge": {
      "options": {
        "overwrite": false,
        "html": false,
        "json": true,
        "reportDir": "cypress\\reports\\html\\.jsons"
      },
      "version": "6.2.0"
    }
  }
}